{"ts":"2025-09-25T02:19:55Z","channel":"http","url":"https://www.cnet.com/health/","final_url":"https://www.cnet.com/health/","status":0,"from_cache":false,"was_304":false,"bytes":0,"duration_ms":11,"ok":false}
{"ts":"2025-09-25T02:19:55Z","channel":"parse","phase":"fail","reason":"Failed to fetch the page.","http":502,"status":0}
{"ts":"2025-09-25T03:26:09Z","channel":"http","url":"https://www.cnet.com/culture/entertainment/","final_url":"https://www.cnet.com/culture/entertainment/","status":200,"from_cache":false,"was_304":false,"bytes":885704,"duration_ms":221,"ok":true}
{"ts":"2025-09-25T03:26:09Z","channel":"parse","phase":"custom","source":"https://www.cnet.com/culture/entertainment/","format":"rss","saved":"0d9d44bff239c828234f473447a750e7.xml","items":10,"bytes":2592,"job_id":"69a10a2e19fc244d7346b472"}
{"ts":"2025-09-25T03:26:15Z","channel":"http","url":"https://www.cnet.com/culture/entertainment/","final_url":"https://www.cnet.com/culture/entertainment/","status":200,"from_cache":true,"was_304":false,"bytes":885704,"duration_ms":0}
{"ts":"2025-09-25T03:26:15Z","channel":"parse","phase":"custom","source":"https://www.cnet.com/culture/entertainment/","format":"jsonfeed","saved":"42197a7b56d5fe96514438b7e7ef0583.json","items":10,"bytes":3493,"job_id":"581fa6a40b51d3eaf73f4641"}
{"ts":"2025-09-25T03:26:25Z","channel":"http","url":"https://www.cnet.com/culture/entertainment/","final_url":"https://www.cnet.com/culture/entertainment/","status":200,"from_cache":true,"was_304":false,"bytes":885704,"duration_ms":0}
{"ts":"2025-09-25T03:26:25Z","channel":"parse","phase":"custom","source":"https://www.cnet.com/culture/entertainment/","format":"rss","saved":"6209075f21a324d5b2234f6bdb962942.xml","items":10,"bytes":2592,"job_id":"3fa1a6248ce6885e234b997d"}
{"ts":"2025-09-25T03:27:09Z","channel":"http","url":"https://www.cnet.com/ai-atlas/","final_url":"https://www.cnet.com/ai-atlas/","status":200,"from_cache":false,"was_304":false,"bytes":1411658,"duration_ms":221,"ok":true}
{"ts":"2025-09-25T03:27:09Z","channel":"parse","phase":"custom","source":"https://www.cnet.com/ai-atlas/","format":"rss","saved":"d7330688c55d89233d18be419a4cafdb.xml","items":10,"bytes":3706,"job_id":"9d86c4d8cba9bf5a0db2bc94"}
{"ts":"2025-09-25T03:27:46Z","channel":"http","url":"https://www.cnet.com/ai-atlas/","final_url":"https://www.cnet.com/ai-atlas/","status":200,"from_cache":true,"was_304":false,"bytes":1411658,"duration_ms":0}
{"ts":"2025-09-25T03:27:46Z","channel":"parse","phase":"custom","source":"https://www.cnet.com/ai-atlas/","format":"jsonfeed","saved":"d64af659f5dcd405c63fc3f6435376a8.json","items":10,"bytes":4944,"job_id":"45bc57a3caddd4f7137e01e1"}
{"ts":"2025-09-25T23:24:59Z","channel":"http","url":"https://www.cnet.com/personal-finance/","final_url":"https://www.cnet.com/personal-finance/","status":200,"from_cache":false,"was_304":false,"bytes":1468509,"duration_ms":251,"ok":true}
{"ts":"2025-09-25T23:24:59Z","channel":"http","url":"https://www.cnet.com/rss/news/","final_url":"https://www.cnet.com/rss/news/","status":200,"from_cache":false,"was_304":false,"bytes":25723,"duration_ms":181,"ok":true}
{"ts":"2025-09-25T23:24:59Z","channel":"parse","phase":"native","source":"https://www.cnet.com/rss/news/","format":"rss","saved":"20a52738b94c988a1760bafb301716c4.xml","bytes":25723,"status":200,"job_id":"5add6dc7d4d9627fe2e95531"}
{"ts":"2025-09-25T23:25:20Z","channel":"http","url":"https://www.cnet.com/personal-finance/","final_url":"https://www.cnet.com/personal-finance/","status":200,"from_cache":true,"was_304":false,"bytes":1468509,"duration_ms":0}
{"ts":"2025-09-25T23:25:20Z","channel":"parse","phase":"custom","source":"https://www.cnet.com/personal-finance/","format":"rss","saved":"9681b8bf34a2e9259b99125ddeb3e96f.xml","items":10,"bytes":3502,"job_id":"124844d048f0da2d3889b559"}
{"ts":"2025-09-25T23:46:20Z","channel":"http","url":"https://www.cnet.com/personal-finance/","final_url":"https://www.cnet.com/personal-finance/","status":200,"from_cache":false,"was_304":false,"bytes":1469543,"duration_ms":244,"ok":true}
{"ts":"2025-09-25T23:46:20Z","channel":"http","url":"https://www.cnet.com/rss/news/","final_url":"https://www.cnet.com/rss/news/","status":200,"from_cache":true,"was_304":true,"bytes":25723,"duration_ms":0}
{"ts":"2025-09-25T23:46:20Z","channel":"parse","phase":"native","source":"https://www.cnet.com/rss/news/","format":"rss","saved":"e7bd71f1aeccdc16eb40dbe5b71bf33a.xml","bytes":25723,"status":200,"job_id":"f3f5491cd6314613deb20eb2"}
